<?xml version="1.0" encoding="UTF-8"?>
<!-- Generated by org.testng.reporters.JUnitReportReporter -->
<testsuite hostname="MT-10CHR93" failures="0" tests="1" name="Pages.ConfirmBooking" time="29.079" errors="0" timestamp="2021-10-29T15:39:44 IST" skipped="0">
  <testcase classname="Pages.ConfirmBooking" name="confirmBooking" time="29.079"/>
  <system-out/>
</testsuite> <!-- Pages.ConfirmBooking -->
