<?xml version="1.0" encoding="UTF-8"?>
<!-- Generated by org.testng.reporters.JUnitReportReporter -->
<testsuite hostname="MT-10CHR93" failures="0" tests="1" name="Pages.UrlValidate" time="13.962" errors="0" timestamp="2021-10-29T15:28:52 IST" skipped="0">
  <testcase classname="Pages.UrlValidate" name="validatingUrl" time="13.962"/>
  <system-out/>
</testsuite> <!-- Pages.UrlValidate -->
