<?xml version="1.0" encoding="UTF-8"?>
<!-- Generated by org.testng.reporters.JUnitReportReporter -->
<testsuite hostname="MT-10CHR93" failures="0" tests="3" name="Pages.contactSubmit" time="99.240" errors="0" timestamp="2021-10-29T13:10:33 IST" skipped="0">
  <testcase classname="Pages.contactSubmit" name="contactDataSubmit" time="40.042"/>
  <system-out/>
  <testcase classname="Pages.contactSubmit" name="contactDataSubmit" time="29.148"/>
  <system-out/>
  <testcase classname="Pages.contactSubmit" name="contactDataSubmit" time="30.050"/>
  <system-out/>
</testsuite> <!-- Pages.contactSubmit -->
