<?xml version="1.0" encoding="UTF-8"?>
<!-- Generated by org.testng.reporters.JUnitReportReporter -->
<testsuite hostname="MT-10CHR93" failures="0" tests="1" name="Pages.UrlValidate" time="7.160" errors="0" timestamp="2021-10-29T12:22:56 IST" skipped="0">
  <testcase classname="Pages.UrlValidate" name="validatingUrl" time="7.160"/>
  <system-out/>
</testsuite> <!-- Pages.UrlValidate -->
