<?xml version="1.0" encoding="UTF-8"?>
<!-- Generated by org.testng.reporters.JUnitReportReporter -->
<testsuite hostname="MT-10CHR93" failures="0" tests="1" name="Pages.contactSubmit" time="0.000" errors="0" timestamp="2021-10-29T12:22:56 IST" skipped="1">
  <testcase classname="Pages.contactSubmit" name="contactDataSubmit" time="0.000">
    <skipped/>
  </testcase> <!-- contactDataSubmit -->
  <system-out/>
</testsuite> <!-- Pages.contactSubmit -->
