<?xml version="1.0" encoding="UTF-8"?>
<!-- Generated by org.testng.reporters.JUnitReportReporter -->
<testsuite hostname="MT-10CHR93" failures="0" tests="2" name="Pages.HomePage" time="13.258" errors="0" timestamp="2021-10-29T11:24:24 IST" skipped="0">
  <testcase classname="Pages.HomePage" name="confirmBooking" time="0.002"/>
  <system-out/>
  <testcase classname="Pages.HomePage" name="validatingUrl" time="13.256"/>
  <system-out/>
</testsuite> <!-- Pages.HomePage -->
